2026-04-23 10:40:54 [INFO ] o.h.validator.internal.util.Version - HV000001: Hibernate Validator 8.0.3.Final
2026-04-23 10:40:54 [INFO ] c.a.p.AcademicPortalApplicationTests - Starting AcademicPortalApplicationTests using Java 21.0.7 with PID 13680 (started by moh.gabr in G:\Academic-Portal\Backend)
2026-04-23 10:40:54 [INFO ] c.a.p.AcademicPortalApplicationTests - The following 1 profile is active: "dev"
2026-04-23 10:40:57 [INFO ] o.s.d.r.c.RepositoryConfigurationDelegate - Bootstrapping Spring Data JPA repositories in DEFAULT mode.
2026-04-23 10:40:57 [INFO ] o.s.d.r.c.RepositoryConfigurationDelegate - Finished Spring Data repository scanning in 123 ms. Found 4 JPA repository interfaces.
2026-04-23 10:40:58 [INFO ] o.h.jpa.internal.util.LogHelper - HHH000204: Processing PersistenceUnitInfo [name: default]
2026-04-23 10:40:59 [INFO ] org.hibernate.Version - HHH000412: Hibernate ORM core version 6.6.29.Final
2026-04-23 10:40:59 [INFO ] o.h.c.i.RegionFactoryInitiator - HHH000026: Second-level cache disabled
2026-04-23 10:40:59 [INFO ] o.s.o.j.p.SpringPersistenceUnitInfo - No LoadTimeWeaver setup: ignoring JPA class transformer
2026-04-23 10:40:59 [INFO ] com.zaxxer.hikari.HikariDataSource - HikariPool-1 - Starting...
2026-04-23 10:41:00 [INFO ] com.zaxxer.hikari.pool.HikariPool - HikariPool-1 - Added connection ConnectionID:1 ClientConnectionId: 2ac020da-1d5c-4d7e-bc17-a7565726d693
2026-04-23 10:41:00 [INFO ] com.zaxxer.hikari.HikariDataSource - HikariPool-1 - Start completed.
2026-04-23 10:41:00 [INFO ] o.hibernate.orm.connections.pooling - HHH10001005: Database info:
	Database JDBC URL [Connecting through datasource 'HikariDataSource (HikariPool-1)']
	Database driver: undefined/unknown
	Database version: 16.0
	Autocommit mode: undefined/unknown
	Isolation level: undefined/unknown
	Minimum pool size: undefined/unknown
	Maximum pool size: undefined/unknown
2026-04-23 10:41:02 [INFO ] o.h.e.t.j.p.i.JtaPlatformInitiator - HHH000489: No JTA platform available (set 'hibernate.transaction.jta.platform' to enable JTA platform integration)
2026-04-23 10:41:03 [INFO ] com.zaxxer.hikari.HikariDataSource - HikariPool-1 - Shutdown initiated...
2026-04-23 10:41:04 [INFO ] com.zaxxer.hikari.HikariDataSource - HikariPool-1 - Shutdown completed.
2026-04-23 10:41:04 [INFO ] o.s.b.a.l.ConditionEvaluationReportLogger - 

Error starting ApplicationContext. To display the condition evaluation report re-run your application with 'debug' enabled.
