2026-04-23 10:20:55 [WARN ] o.a.c.loader.WebappClassLoaderBase - The web application [ROOT] appears to have started a thread named [mssql-jdbc-shared-timer-core-0] but has failed to stop it. This is very likely to create a memory leak. Stack trace of thread:
 java.base/jdk.internal.misc.Unsafe.park(Native Method)
 java.base/java.util.concurrent.locks.LockSupport.park(LockSupport.java:371)
 java.base/java.util.concurrent.locks.AbstractQueuedSynchronizer$ConditionNode.block(AbstractQueuedSynchronizer.java:519)
 java.base/java.util.concurrent.ForkJoinPool.unmanagedBlock(ForkJoinPool.java:3778)
 java.base/java.util.concurrent.ForkJoinPool.managedBlock(ForkJoinPool.java:3723)
 java.base/java.util.concurrent.locks.AbstractQueuedSynchronizer$ConditionObject.await(AbstractQueuedSynchronizer.java:1712)
 java.base/java.util.concurrent.ScheduledThreadPoolExecutor$DelayedWorkQueue.take(ScheduledThreadPoolExecutor.java:1170)
 java.base/java.util.concurrent.ScheduledThreadPoolExecutor$DelayedWorkQueue.take(ScheduledThreadPoolExecutor.java:899)
 java.base/java.util.concurrent.ThreadPoolExecutor.getTask(ThreadPoolExecutor.java:1070)
 java.base/java.util.concurrent.ThreadPoolExecutor.runWorker(ThreadPoolExecutor.java:1130)
 java.base/java.util.concurrent.ThreadPoolExecutor$Worker.run(ThreadPoolExecutor.java:642)
 java.base/java.lang.Thread.run(Thread.java:1583)
2026-04-23 10:20:55 [WARN ] o.a.c.loader.WebappClassLoaderBase - The web application [ROOT] appears to have started a thread named [HikariPool-1:housekeeper] but has failed to stop it. This is very likely to create a memory leak. Stack trace of thread:
 java.base/jdk.internal.misc.Unsafe.park(Native Method)
 java.base/java.util.concurrent.locks.LockSupport.parkNanos(LockSupport.java:269)
 java.base/java.util.concurrent.locks.AbstractQueuedSynchronizer$ConditionObject.awaitNanos(AbstractQueuedSynchronizer.java:1763)
 java.base/java.util.concurrent.ScheduledThreadPoolExecutor$DelayedWorkQueue.take(ScheduledThreadPoolExecutor.java:1182)
 java.base/java.util.concurrent.ScheduledThreadPoolExecutor$DelayedWorkQueue.take(ScheduledThreadPoolExecutor.java:899)
 java.base/java.util.concurrent.ThreadPoolExecutor.getTask(ThreadPoolExecutor.java:1070)
 java.base/java.util.concurrent.ThreadPoolExecutor.runWorker(ThreadPoolExecutor.java:1130)
 java.base/java.util.concurrent.ThreadPoolExecutor$Worker.run(ThreadPoolExecutor.java:642)
 java.base/java.lang.Thread.run(Thread.java:1583)
2026-04-23 10:20:55 [WARN ] o.a.c.loader.WebappClassLoaderBase - The web application [ROOT] appears to have started a thread named [HikariPool-1:connection-adder] but has failed to stop it. This is very likely to create a memory leak. Stack trace of thread:
 java.base/jdk.internal.misc.Unsafe.park(Native Method)
 java.base/java.util.concurrent.locks.LockSupport.parkNanos(LockSupport.java:269)
 java.base/java.util.concurrent.locks.AbstractQueuedSynchronizer$ConditionObject.awaitNanos(AbstractQueuedSynchronizer.java:1763)
 java.base/java.util.concurrent.LinkedBlockingQueue.poll(LinkedBlockingQueue.java:460)
 java.base/java.util.concurrent.ThreadPoolExecutor.getTask(ThreadPoolExecutor.java:1069)
 java.base/java.util.concurrent.ThreadPoolExecutor.runWorker(ThreadPoolExecutor.java:1130)
 java.base/java.util.concurrent.ThreadPoolExecutor$Worker.run(ThreadPoolExecutor.java:642)
 java.base/java.lang.Thread.run(Thread.java:1583)
2026-04-23 10:20:55 [WARN ] o.s.b.w.s.c.AnnotationConfigServletWebServerApplicationContext - Exception encountered during context initialization - cancelling refresh attempt: org.springframework.context.ApplicationContextException: Unable to start web server
2026-04-23 10:23:13 [WARN ] org.hibernate.orm.deprecation - HHH90000025: SQLServerDialect does not need to be specified explicitly using 'hibernate.dialect' (remove the property setting and it will be selected by default)
2026-04-23 10:23:16 [WARN ] o.a.c.loader.WebappClassLoaderBase - The web application [ROOT] appears to have started a thread named [mssql-jdbc-shared-timer-core-0] but has failed to stop it. This is very likely to create a memory leak. Stack trace of thread:
 java.base/jdk.internal.misc.Unsafe.park(Native Method)
 java.base/java.util.concurrent.locks.LockSupport.parkNanos(LockSupport.java:269)
 java.base/java.util.concurrent.locks.AbstractQueuedSynchronizer$ConditionObject.awaitNanos(AbstractQueuedSynchronizer.java:1763)
 java.base/java.util.concurrent.ScheduledThreadPoolExecutor$DelayedWorkQueue.take(ScheduledThreadPoolExecutor.java:1182)
 java.base/java.util.concurrent.ScheduledThreadPoolExecutor$DelayedWorkQueue.take(ScheduledThreadPoolExecutor.java:899)
 java.base/java.util.concurrent.ThreadPoolExecutor.getTask(ThreadPoolExecutor.java:1070)
 java.base/java.util.concurrent.ThreadPoolExecutor.runWorker(ThreadPoolExecutor.java:1130)
 java.base/java.util.concurrent.ThreadPoolExecutor$Worker.run(ThreadPoolExecutor.java:642)
 java.base/java.lang.Thread.run(Thread.java:1583)
2026-04-23 10:23:16 [WARN ] o.a.c.loader.WebappClassLoaderBase - The web application [ROOT] appears to have started a thread named [HikariPool-1:housekeeper] but has failed to stop it. This is very likely to create a memory leak. Stack trace of thread:
 java.base/jdk.internal.misc.Unsafe.park(Native Method)
 java.base/java.util.concurrent.locks.LockSupport.parkNanos(LockSupport.java:269)
 java.base/java.util.concurrent.locks.AbstractQueuedSynchronizer$ConditionObject.awaitNanos(AbstractQueuedSynchronizer.java:1763)
 java.base/java.util.concurrent.ScheduledThreadPoolExecutor$DelayedWorkQueue.take(ScheduledThreadPoolExecutor.java:1182)
 java.base/java.util.concurrent.ScheduledThreadPoolExecutor$DelayedWorkQueue.take(ScheduledThreadPoolExecutor.java:899)
 java.base/java.util.concurrent.ThreadPoolExecutor.getTask(ThreadPoolExecutor.java:1070)
 java.base/java.util.concurrent.ThreadPoolExecutor.runWorker(ThreadPoolExecutor.java:1130)
 java.base/java.util.concurrent.ThreadPoolExecutor$Worker.run(ThreadPoolExecutor.java:642)
 java.base/java.lang.Thread.run(Thread.java:1583)
2026-04-23 10:23:16 [WARN ] o.a.c.loader.WebappClassLoaderBase - The web application [ROOT] appears to have started a thread named [HikariPool-1:connection-adder] but has failed to stop it. This is very likely to create a memory leak. Stack trace of thread:
 java.base/jdk.internal.misc.Unsafe.park(Native Method)
 java.base/java.util.concurrent.locks.LockSupport.parkNanos(LockSupport.java:269)
 java.base/java.util.concurrent.locks.AbstractQueuedSynchronizer$ConditionObject.awaitNanos(AbstractQueuedSynchronizer.java:1763)
 java.base/java.util.concurrent.LinkedBlockingQueue.poll(LinkedBlockingQueue.java:460)
 java.base/java.util.concurrent.ThreadPoolExecutor.getTask(ThreadPoolExecutor.java:1069)
 java.base/java.util.concurrent.ThreadPoolExecutor.runWorker(ThreadPoolExecutor.java:1130)
 java.base/java.util.concurrent.ThreadPoolExecutor$Worker.run(ThreadPoolExecutor.java:642)
 java.base/java.lang.Thread.run(Thread.java:1583)
2026-04-23 10:23:16 [WARN ] o.s.b.w.s.c.AnnotationConfigServletWebServerApplicationContext - Exception encountered during context initialization - cancelling refresh attempt: org.springframework.context.ApplicationContextException: Unable to start web server
2026-04-23 10:37:36 [WARN ] o.s.b.w.s.c.AnnotationConfigServletWebServerApplicationContext - Exception encountered during context initialization - cancelling refresh attempt: org.springframework.context.ApplicationContextException: Unable to start web server
2026-04-23 10:47:26 [WARN ] org.hibernate.orm.deprecation - HHH90000025: SQLServerDialect does not need to be specified explicitly using 'hibernate.dialect' (remove the property setting and it will be selected by default)
2026-04-23 10:47:30 [WARN ] o.s.b.w.s.c.AnnotationConfigServletWebServerApplicationContext - Exception encountered during context initialization - cancelling refresh attempt: org.springframework.beans.factory.BeanCreationException: Error creating bean with name 'org.springframework.security.config.annotation.web.configuration.WebSecurityConfiguration': Injection of autowired dependencies failed
2026-04-23 10:57:33 [WARN ] org.hibernate.orm.deprecation - HHH90000025: SQLServerDialect does not need to be specified explicitly using 'hibernate.dialect' (remove the property setting and it will be selected by default)
2026-04-23 11:26:09 [WARN ] org.hibernate.orm.deprecation - HHH90000025: SQLServerDialect does not need to be specified explicitly using 'hibernate.dialect' (remove the property setting and it will be selected by default)
2026-04-23 11:27:51 [WARN ] org.hibernate.orm.deprecation - HHH90000025: SQLServerDialect does not need to be specified explicitly using 'hibernate.dialect' (remove the property setting and it will be selected by default)
2026-04-23 11:28:25 [WARN ] o.s.w.s.m.m.a.ExceptionHandlerExceptionResolver - Resolved [org.springframework.http.converter.HttpMessageNotReadableException: JSON parse error: Cannot deserialize value of type `com.academic.portal.enums.ActiveStatus` from String "Active": not one of the values accepted for Enum class: [INACTIVE, ACTIVE]]
2026-04-23 11:28:55 [WARN ] o.s.w.s.m.m.a.ExceptionHandlerExceptionResolver - Resolved [jakarta.validation.UnexpectedTypeException: HV000030: No validator could be found for constraint 'jakarta.validation.constraints.NotBlank' validating type 'com.academic.portal.enums.Gender'. Check configuration for 'gender']
2026-04-23 11:30:06 [WARN ] o.s.w.s.m.m.a.ExceptionHandlerExceptionResolver - Resolved [jakarta.validation.UnexpectedTypeException: HV000030: No validator could be found for constraint 'jakarta.validation.constraints.NotBlank' validating type 'com.academic.portal.enums.Gender'. Check configuration for 'gender']
2026-04-23 11:32:00 [WARN ] org.hibernate.orm.deprecation - HHH90000025: SQLServerDialect does not need to be specified explicitly using 'hibernate.dialect' (remove the property setting and it will be selected by default)
2026-04-23 11:45:42 [WARN ] org.hibernate.orm.deprecation - HHH90000025: SQLServerDialect does not need to be specified explicitly using 'hibernate.dialect' (remove the property setting and it will be selected by default)
2026-04-23 11:46:41 [WARN ] o.h.e.jdbc.spi.SqlExceptionHelper - SQL Error: 515, SQLState: 23000
2026-04-23 11:46:41 [WARN ] o.s.w.s.m.m.a.ExceptionHandlerExceptionResolver - Resolved [org.springframework.dao.DataIntegrityViolationException: could not execute statement [Cannot insert the value NULL into column 'first_name', table 'academic_portal.dbo.users'; column does not allow nulls. INSERT fails.] [/* insert for com.academic.portal.entity.User */insert into dbo.users (created_at,email,first_name,gender,is_active,is_deleted,last_name,mobile_number,password,role,updated_at,user_name) values (?,?,?,?,?,?,?,?,?,?,?,?)]; SQL [/* insert for com.academic.portal.entity.User */insert into dbo.users (created_at,email,first_name,gender,is_active,is_deleted,last_name,mobile_number,password,role,updated_at,user_name) values (?,?,?,?,?,?,?,?,?,?,?,?)]; constraint [null]]
2026-04-23 11:49:01 [WARN ] org.hibernate.orm.deprecation - HHH90000025: SQLServerDialect does not need to be specified explicitly using 'hibernate.dialect' (remove the property setting and it will be selected by default)
2026-04-23 11:49:02 [WARN ] o.s.b.w.s.c.AnnotationConfigServletWebServerApplicationContext - Exception encountered during context initialization - cancelling refresh attempt: org.springframework.beans.factory.UnsatisfiedDependencyException: Error creating bean with name 'userController' defined in file [G:\Academic-Portal\Backend\target\classes\com\academic\portal\user\controller\UserController.class]: Unsatisfied dependency expressed through constructor parameter 0: No qualifying bean of type 'com.academic.portal.user.service.UserService' available: expected at least 1 bean which qualifies as autowire candidate. Dependency annotations: {}
2026-04-23 11:49:05 [WARN ] org.hibernate.orm.deprecation - HHH90000025: SQLServerDialect does not need to be specified explicitly using 'hibernate.dialect' (remove the property setting and it will be selected by default)
2026-04-23 11:49:29 [WARN ] org.hibernate.orm.deprecation - HHH90000025: SQLServerDialect does not need to be specified explicitly using 'hibernate.dialect' (remove the property setting and it will be selected by default)
2026-04-23 11:49:30 [WARN ] o.s.b.w.s.c.AnnotationConfigServletWebServerApplicationContext - Exception encountered during context initialization - cancelling refresh attempt: org.springframework.beans.factory.BeanCreationException: Error creating bean with name 'userController': Resolution of declared constructors on bean Class [com.academic.portal.user.controller.UserController] from ClassLoader [org.springframework.boot.devtools.restart.classloader.RestartClassLoader@3bd23797] failed
2026-04-23 11:49:33 [WARN ] org.hibernate.orm.deprecation - HHH90000025: SQLServerDialect does not need to be specified explicitly using 'hibernate.dialect' (remove the property setting and it will be selected by default)
2026-04-23 11:49:40 [WARN ] org.hibernate.orm.deprecation - HHH90000025: SQLServerDialect does not need to be specified explicitly using 'hibernate.dialect' (remove the property setting and it will be selected by default)
2026-04-23 11:49:41 [WARN ] o.s.b.w.s.c.AnnotationConfigServletWebServerApplicationContext - Exception encountered during context initialization - cancelling refresh attempt: org.springframework.beans.factory.BeanCreationException: Error creating bean with name 'userController': Resolution of declared constructors on bean Class [com.academic.portal.user.controller.UserController] from ClassLoader [org.springframework.boot.devtools.restart.classloader.RestartClassLoader@3b33abd3] failed
2026-04-23 11:49:52 [WARN ] org.hibernate.orm.deprecation - HHH90000025: SQLServerDialect does not need to be specified explicitly using 'hibernate.dialect' (remove the property setting and it will be selected by default)
2026-04-23 11:55:02 [WARN ] org.hibernate.orm.deprecation - HHH90000025: SQLServerDialect does not need to be specified explicitly using 'hibernate.dialect' (remove the property setting and it will be selected by default)
2026-04-23 11:55:03 [WARN ] o.a.c.loader.WebappClassLoaderBase - The web application [ROOT] appears to have started a thread named [mssql-jdbc-shared-timer-core-1] but has failed to stop it. This is very likely to create a memory leak. Stack trace of thread:
 java.base/jdk.internal.misc.Unsafe.park(Native Method)
 java.base/java.util.concurrent.locks.LockSupport.park(LockSupport.java:371)
 java.base/java.util.concurrent.locks.AbstractQueuedSynchronizer$ConditionNode.block(AbstractQueuedSynchronizer.java:519)
 java.base/java.util.concurrent.ForkJoinPool.unmanagedBlock(ForkJoinPool.java:3778)
 java.base/java.util.concurrent.ForkJoinPool.managedBlock(ForkJoinPool.java:3723)
 java.base/java.util.concurrent.locks.AbstractQueuedSynchronizer$ConditionObject.await(AbstractQueuedSynchronizer.java:1712)
 java.base/java.util.concurrent.ScheduledThreadPoolExecutor$DelayedWorkQueue.take(ScheduledThreadPoolExecutor.java:1170)
 java.base/java.util.concurrent.ScheduledThreadPoolExecutor$DelayedWorkQueue.take(ScheduledThreadPoolExecutor.java:899)
 java.base/java.util.concurrent.ThreadPoolExecutor.getTask(ThreadPoolExecutor.java:1070)
 java.base/java.util.concurrent.ThreadPoolExecutor.runWorker(ThreadPoolExecutor.java:1130)
 java.base/java.util.concurrent.ThreadPoolExecutor$Worker.run(ThreadPoolExecutor.java:642)
 java.base/java.lang.Thread.run(Thread.java:1583)
2026-04-23 11:55:03 [WARN ] o.a.c.loader.WebappClassLoaderBase - The web application [ROOT] appears to have started a thread named [HikariPool-2:housekeeper] but has failed to stop it. This is very likely to create a memory leak. Stack trace of thread:
 java.base/jdk.internal.misc.Unsafe.park(Native Method)
 java.base/java.util.concurrent.locks.LockSupport.parkNanos(LockSupport.java:269)
 java.base/java.util.concurrent.locks.AbstractQueuedSynchronizer$ConditionObject.awaitNanos(AbstractQueuedSynchronizer.java:1763)
 java.base/java.util.concurrent.ScheduledThreadPoolExecutor$DelayedWorkQueue.take(ScheduledThreadPoolExecutor.java:1182)
 java.base/java.util.concurrent.ScheduledThreadPoolExecutor$DelayedWorkQueue.take(ScheduledThreadPoolExecutor.java:899)
 java.base/java.util.concurrent.ThreadPoolExecutor.getTask(ThreadPoolExecutor.java:1070)
 java.base/java.util.concurrent.ThreadPoolExecutor.runWorker(ThreadPoolExecutor.java:1130)
 java.base/java.util.concurrent.ThreadPoolExecutor$Worker.run(ThreadPoolExecutor.java:642)
 java.base/java.lang.Thread.run(Thread.java:1583)
2026-04-23 11:55:03 [WARN ] o.a.c.loader.WebappClassLoaderBase - The web application [ROOT] appears to have started a thread named [HikariPool-2:connection-adder] but has failed to stop it. This is very likely to create a memory leak. Stack trace of thread:
 java.base/sun.nio.ch.Net.poll(Native Method)
 java.base/sun.nio.ch.NioSocketImpl.park(NioSocketImpl.java:191)
 java.base/sun.nio.ch.NioSocketImpl.park(NioSocketImpl.java:201)
 java.base/sun.nio.ch.NioSocketImpl.implRead(NioSocketImpl.java:309)
 java.base/sun.nio.ch.NioSocketImpl.read(NioSocketImpl.java:346)
 java.base/sun.nio.ch.NioSocketImpl$1.read(NioSocketImpl.java:796)
 java.base/java.net.Socket$SocketInputStream.read(Socket.java:1099)
 com.microsoft.sqlserver.jdbc.TDSChannel$ProxyInputStream.readInternal(IOBuffer.java:1206)
 com.microsoft.sqlserver.jdbc.TDSChannel$ProxyInputStream.read(IOBuffer.java:1192)
 com.microsoft.sqlserver.jdbc.TDSChannel.read(IOBuffer.java:2166)
 com.microsoft.sqlserver.jdbc.TDSReader.readPacket(IOBuffer.java:6895)
 com.microsoft.sqlserver.jdbc.TDSChannel$SSLHandshakeInputStream.ensureSSLPayload(IOBuffer.java:892)
 com.microsoft.sqlserver.jdbc.TDSChannel$SSLHandshakeInputStream.readInternal(IOBuffer.java:949)
 com.microsoft.sqlserver.jdbc.TDSChannel$SSLHandshakeInputStream.read(IOBuffer.java:942)
 com.microsoft.sqlserver.jdbc.TDSChannel$ProxyInputStream.readInternal(IOBuffer.java:1206)
 com.microsoft.sqlserver.jdbc.TDSChannel$ProxyInputStream.read(IOBuffer.java:1192)
 java.base/sun.security.ssl.SSLSocketInputRecord.read(SSLSocketInputRecord.java:489)
 java.base/sun.security.ssl.SSLSocketInputRecord.readHeader(SSLSocketInputRecord.java:483)
 java.base/sun.security.ssl.SSLSocketInputRecord.decode(SSLSocketInputRecord.java:160)
 java.base/sun.security.ssl.SSLTransport.decode(SSLTransport.java:111)
 java.base/sun.security.ssl.SSLSocketImpl.decode(SSLSocketImpl.java:1506)
 java.base/sun.security.ssl.SSLSocketImpl.readHandshakeRecord(SSLSocketImpl.java:1421)
 java.base/sun.security.ssl.SSLSocketImpl.startHandshake(SSLSocketImpl.java:455)
 java.base/sun.security.ssl.SSLSocketImpl.startHandshake(SSLSocketImpl.java:426)
 com.microsoft.sqlserver.jdbc.TDSChannel.enableSSL(IOBuffer.java:1854)
 com.microsoft.sqlserver.jdbc.SQLServerConnection.connectHelper(SQLServerConnection.java:4108)
 com.microsoft.sqlserver.jdbc.SQLServerConnection.login(SQLServerConnection.java:3695)
 com.microsoft.sqlserver.jdbc.SQLServerConnection.connectInternal(SQLServerConnection.java:3504)
 com.microsoft.sqlserver.jdbc.SQLServerConnection.connect(SQLServerConnection.java:2212)
 com.microsoft.sqlserver.jdbc.SQLServerDriver.connect(SQLServerDriver.java:1320)
 com.zaxxer.hikari.util.DriverDataSource.getConnection(DriverDataSource.java:144)
 com.zaxxer.hikari.pool.PoolBase.newConnection(PoolBase.java:370)
 com.zaxxer.hikari.pool.PoolBase.newPoolEntry(PoolBase.java:207)
 com.zaxxer.hikari.pool.HikariPool.createPoolEntry(HikariPool.java:488)
 com.zaxxer.hikari.pool.HikariPool$PoolEntryCreator.call(HikariPool.java:752)
 com.zaxxer.hikari.pool.HikariPool$PoolEntryCreator.call(HikariPool.java:731)
 java.base/java.util.concurrent.FutureTask.run(FutureTask.java:317)
 java.base/java.util.concurrent.ThreadPoolExecutor.runWorker(ThreadPoolExecutor.java:1144)
 java.base/java.util.concurrent.ThreadPoolExecutor$Worker.run(ThreadPoolExecutor.java:642)
 java.base/java.lang.Thread.run(Thread.java:1583)
2026-04-23 11:55:03 [WARN ] o.s.b.w.s.c.AnnotationConfigServletWebServerApplicationContext - Exception encountered during context initialization - cancelling refresh attempt: org.springframework.context.ApplicationContextException: Unable to start web server
2026-04-23 11:55:10 [WARN ] org.hibernate.orm.deprecation - HHH90000025: SQLServerDialect does not need to be specified explicitly using 'hibernate.dialect' (remove the property setting and it will be selected by default)
2026-04-23 11:56:04 [WARN ] org.hibernate.orm.deprecation - HHH90000025: SQLServerDialect does not need to be specified explicitly using 'hibernate.dialect' (remove the property setting and it will be selected by default)
2026-04-23 11:56:49 [WARN ] org.hibernate.orm.deprecation - HHH90000025: SQLServerDialect does not need to be specified explicitly using 'hibernate.dialect' (remove the property setting and it will be selected by default)
2026-04-23 11:57:53 [WARN ] o.s.w.s.m.m.a.ExceptionHandlerExceptionResolver - Resolved [com.academic.portal.common.exception.BusinessException: USER_IS_DELETED]
2026-04-23 11:59:04 [WARN ] org.hibernate.orm.deprecation - HHH90000025: SQLServerDialect does not need to be specified explicitly using 'hibernate.dialect' (remove the property setting and it will be selected by default)
2026-04-23 11:59:22 [WARN ] o.s.w.s.m.m.a.ExceptionHandlerExceptionResolver - Resolved [org.springframework.security.authentication.BadCredentialsException: Bad credentials]
2026-04-23 12:00:37 [WARN ] org.hibernate.orm.deprecation - HHH90000025: SQLServerDialect does not need to be specified explicitly using 'hibernate.dialect' (remove the property setting and it will be selected by default)
2026-04-23 12:02:33 [WARN ] org.hibernate.orm.deprecation - HHH90000025: SQLServerDialect does not need to be specified explicitly using 'hibernate.dialect' (remove the property setting and it will be selected by default)
2026-04-23 12:06:48 [WARN ] o.s.w.s.m.m.a.ExceptionHandlerExceptionResolver - Resolved [org.springframework.security.authorization.AuthorizationDeniedException: Access Denied]
2026-04-23 12:14:34 [WARN ] o.s.b.w.s.c.AnnotationConfigServletWebServerApplicationContext - Exception encountered during context initialization - cancelling refresh attempt: org.springframework.beans.factory.BeanDefinitionStoreException: I/O failure while processing configuration class [com.academic.portal.student.mapper.StudentMapperImpl]
2026-04-23 12:14:42 [WARN ] org.hibernate.orm.deprecation - HHH90000025: SQLServerDialect does not need to be specified explicitly using 'hibernate.dialect' (remove the property setting and it will be selected by default)
2026-04-23 12:15:27 [WARN ] o.s.b.w.s.c.AnnotationConfigServletWebServerApplicationContext - Exception encountered during context initialization - cancelling refresh attempt: org.springframework.beans.factory.BeanDefinitionStoreException: I/O failure while processing configuration class [com.academic.portal.student.mapper.StudentMapperImpl]
2026-04-23 12:15:43 [WARN ] org.hibernate.orm.deprecation - HHH90000025: SQLServerDialect does not need to be specified explicitly using 'hibernate.dialect' (remove the property setting and it will be selected by default)
2026-04-23 12:16:08 [WARN ] o.s.w.s.m.m.a.ExceptionHandlerExceptionResolver - Resolved [org.hibernate.LazyInitializationException: Could not initialize proxy [com.academic.portal.entity.User#3] - no session]
2026-04-23 12:16:51 [WARN ] org.hibernate.orm.deprecation - HHH90000025: SQLServerDialect does not need to be specified explicitly using 'hibernate.dialect' (remove the property setting and it will be selected by default)
2026-04-23 12:27:40 [WARN ] o.s.w.s.m.m.a.ExceptionHandlerExceptionResolver - Resolved [org.hibernate.LazyInitializationException: Could not initialize proxy [com.academic.portal.entity.User#3] - no session]
2026-04-23 12:30:56 [WARN ] org.hibernate.orm.deprecation - HHH90000025: SQLServerDialect does not need to be specified explicitly using 'hibernate.dialect' (remove the property setting and it will be selected by default)
2026-04-23 12:50:07 [WARN ] org.hibernate.orm.deprecation - HHH90000025: SQLServerDialect does not need to be specified explicitly using 'hibernate.dialect' (remove the property setting and it will be selected by default)
2026-04-23 18:12:23 [WARN ] org.hibernate.orm.deprecation - HHH90000025: SQLServerDialect does not need to be specified explicitly using 'hibernate.dialect' (remove the property setting and it will be selected by default)
2026-04-23 18:13:23 [WARN ] o.s.w.s.m.m.a.ExceptionHandlerExceptionResolver - Resolved [com.academic.portal.common.exception.BusinessException: USER_NOT_ACTIVE]
2026-04-23 18:16:21 [WARN ] org.hibernate.orm.deprecation - HHH90000025: SQLServerDialect does not need to be specified explicitly using 'hibernate.dialect' (remove the property setting and it will be selected by default)
2026-04-23 18:16:26 [WARN ] org.hibernate.orm.deprecation - HHH90000025: SQLServerDialect does not need to be specified explicitly using 'hibernate.dialect' (remove the property setting and it will be selected by default)
2026-04-23 18:20:23 [WARN ] org.hibernate.orm.deprecation - HHH90000025: SQLServerDialect does not need to be specified explicitly using 'hibernate.dialect' (remove the property setting and it will be selected by default)
2026-04-23 18:20:26 [WARN ] o.s.b.w.s.c.AnnotationConfigServletWebServerApplicationContext - Exception encountered during context initialization - cancelling refresh attempt: org.springframework.beans.factory.BeanCreationException: Error creating bean with name 'courseController': Resolution of declared constructors on bean Class [com.academic.portal.course.controller.CourseController] from ClassLoader [org.springframework.boot.devtools.restart.classloader.RestartClassLoader@66c26cf] failed
2026-04-23 18:21:18 [WARN ] org.hibernate.orm.deprecation - HHH90000025: SQLServerDialect does not need to be specified explicitly using 'hibernate.dialect' (remove the property setting and it will be selected by default)
2026-04-23 19:45:30 [WARN ] org.hibernate.orm.deprecation - HHH90000025: SQLServerDialect does not need to be specified explicitly using 'hibernate.dialect' (remove the property setting and it will be selected by default)
2026-04-23 20:01:06 [WARN ] o.s.b.w.s.c.AnnotationConfigServletWebServerApplicationContext - Exception encountered during context initialization - cancelling refresh attempt: org.springframework.beans.factory.BeanDefinitionStoreException: I/O failure while processing configuration class [com.academic.portal.course_registration.mapper.CourseRegistrationMapperImpl]
2026-04-23 20:01:09 [WARN ] org.hibernate.orm.deprecation - HHH90000025: SQLServerDialect does not need to be specified explicitly using 'hibernate.dialect' (remove the property setting and it will be selected by default)
2026-04-23 20:01:19 [WARN ] o.s.w.s.m.m.a.ExceptionHandlerExceptionResolver - Resolved [com.academic.portal.common.exception.BusinessException: ALREADY_REGISTERED]
2026-04-23 20:02:36 [WARN ] org.hibernate.orm.deprecation - HHH90000025: SQLServerDialect does not need to be specified explicitly using 'hibernate.dialect' (remove the property setting and it will be selected by default)
2026-04-23 20:02:46 [WARN ] o.s.w.s.m.m.a.ExceptionHandlerExceptionResolver - Resolved [com.academic.portal.common.exception.BusinessException: COURSE_ALREADY_REGISTERED]
2026-04-23 20:03:46 [WARN ] o.s.w.s.m.m.a.ExceptionHandlerExceptionResolver - Resolved [com.academic.portal.common.exception.BusinessException: REGISTRATION_NOT_FOUND]
2026-04-23 20:12:46 [WARN ] o.s.w.s.m.m.a.ExceptionHandlerExceptionResolver - Resolved [com.academic.portal.common.exception.BusinessException: COURSE_ALREADY_REGISTERED]
2026-04-23 20:35:01 [WARN ] org.hibernate.orm.deprecation - HHH90000025: SQLServerDialect does not need to be specified explicitly using 'hibernate.dialect' (remove the property setting and it will be selected by default)
2026-04-23 20:58:59 [WARN ] org.hibernate.orm.deprecation - HHH90000025: SQLServerDialect does not need to be specified explicitly using 'hibernate.dialect' (remove the property setting and it will be selected by default)
2026-04-23 21:13:22 [WARN ] org.hibernate.orm.deprecation - HHH90000025: SQLServerDialect does not need to be specified explicitly using 'hibernate.dialect' (remove the property setting and it will be selected by default)
2026-04-23 21:15:15 [WARN ] o.s.w.s.m.m.a.ExceptionHandlerExceptionResolver - Resolved [java.lang.RuntimeException: PDF generation failed]
2026-04-23 21:49:49 [WARN ] org.hibernate.orm.deprecation - HHH90000025: SQLServerDialect does not need to be specified explicitly using 'hibernate.dialect' (remove the property setting and it will be selected by default)
2026-04-23 21:51:28 [WARN ] o.s.w.s.m.m.a.ExceptionHandlerExceptionResolver - Resolved [java.lang.RuntimeException: PDF generation failed]
2026-04-23 21:53:41 [WARN ] org.hibernate.orm.deprecation - HHH90000025: SQLServerDialect does not need to be specified explicitly using 'hibernate.dialect' (remove the property setting and it will be selected by default)
2026-04-23 21:53:43 [WARN ] o.s.b.w.s.c.AnnotationConfigServletWebServerApplicationContext - Exception encountered during context initialization - cancelling refresh attempt: org.springframework.beans.factory.UnsatisfiedDependencyException: Error creating bean with name 'courseRegistrationController' defined in file [G:\Academic-Portal\target\classes\com\academic\portal\course_registration\controller\CourseRegistrationController.class]: Unsatisfied dependency expressed through constructor parameter 1: No qualifying bean of type 'com.academic.portal.course_registration.pdf.CourseSchedulePdfService' available: expected at least 1 bean which qualifies as autowire candidate. Dependency annotations: {}
2026-04-23 21:53:45 [WARN ] org.hibernate.orm.deprecation - HHH90000025: SQLServerDialect does not need to be specified explicitly using 'hibernate.dialect' (remove the property setting and it will be selected by default)
2026-04-23 21:58:50 [WARN ] org.hibernate.orm.deprecation - HHH90000025: SQLServerDialect does not need to be specified explicitly using 'hibernate.dialect' (remove the property setting and it will be selected by default)
2026-04-23 21:58:52 [WARN ] o.s.b.w.s.c.AnnotationConfigServletWebServerApplicationContext - Exception encountered during context initialization - cancelling refresh attempt: org.springframework.beans.factory.UnsatisfiedDependencyException: Error creating bean with name 'courseController' defined in file [G:\Academic-Portal\target\classes\com\academic\portal\course\controller\CourseController.class]: Unsatisfied dependency expressed through constructor parameter 0: Error creating bean with name 'courseService': Resolution of declared constructors on bean Class [com.academic.portal.course.service.CourseService] from ClassLoader [org.springframework.boot.devtools.restart.classloader.RestartClassLoader@773c438c] failed
2026-04-23 21:58:58 [WARN ] org.hibernate.orm.deprecation - HHH90000025: SQLServerDialect does not need to be specified explicitly using 'hibernate.dialect' (remove the property setting and it will be selected by default)
2026-04-23 22:21:12 [WARN ] org.hibernate.orm.deprecation - HHH90000025: SQLServerDialect does not need to be specified explicitly using 'hibernate.dialect' (remove the property setting and it will be selected by default)
2026-04-23 22:23:36 [WARN ] o.s.w.s.m.m.a.ExceptionHandlerExceptionResolver - Resolved [java.lang.IllegalArgumentException: Null key returned for cache operation [Builder[public byte[] com.academic.portal.course_registration.pdf.CourseSchedulePdfService.generatePdf(java.lang.Integer)] caches=[course_schedule] | key='#departmentId' | keyGenerator='' | cacheManager='' | cacheResolver='' | condition='' | unless='' | sync='false']. If you are using named parameters, ensure that the compiler uses the '-parameters' flag.]
2026-04-23 22:27:36 [WARN ] org.hibernate.orm.deprecation - HHH90000025: SQLServerDialect does not need to be specified explicitly using 'hibernate.dialect' (remove the property setting and it will be selected by default)
2026-04-23 22:28:02 [WARN ] o.s.w.s.m.m.a.ExceptionHandlerExceptionResolver - Resolved [java.lang.IllegalArgumentException: Null key returned for cache operation [Builder[public byte[] com.academic.portal.course_registration.pdf.CourseSchedulePdfService.generatePdf(java.lang.Integer)] caches=[course_schedule] | key='#departmentId' | keyGenerator='' | cacheManager='' | cacheResolver='' | condition='' | unless='' | sync='false']. If you are using named parameters, ensure that the compiler uses the '-parameters' flag.]
2026-04-23 22:29:13 [WARN ] o.s.w.s.m.m.a.ExceptionHandlerExceptionResolver - Resolved [java.lang.IllegalArgumentException: Null key returned for cache operation [Builder[public byte[] com.academic.portal.course_registration.pdf.CourseSchedulePdfService.generatePdf(java.lang.Integer)] caches=[course_schedule] | key='#departmentId' | keyGenerator='' | cacheManager='' | cacheResolver='' | condition='' | unless='' | sync='false']. If you are using named parameters, ensure that the compiler uses the '-parameters' flag.]
2026-04-23 22:30:37 [WARN ] org.hibernate.orm.deprecation - HHH90000025: SQLServerDialect does not need to be specified explicitly using 'hibernate.dialect' (remove the property setting and it will be selected by default)
2026-04-23 22:32:33 [WARN ] org.hibernate.orm.deprecation - HHH90000025: SQLServerDialect does not need to be specified explicitly using 'hibernate.dialect' (remove the property setting and it will be selected by default)
2026-04-23 22:32:34 [WARN ] o.s.b.w.s.c.AnnotationConfigServletWebServerApplicationContext - Exception encountered during context initialization - cancelling refresh attempt: org.springframework.beans.factory.UnsatisfiedDependencyException: Error creating bean with name 'courseRegistrationController' defined in file [G:\Academic-Portal\target\classes\com\academic\portal\course_registration\controller\CourseRegistrationController.class]: Unsatisfied dependency expressed through constructor parameter 1: No qualifying bean of type 'com.academic.portal.course_registration.pdf.CourseSchedulePdfService' available: expected at least 1 bean which qualifies as autowire candidate. Dependency annotations: {}
2026-04-23 22:32:36 [WARN ] org.hibernate.orm.deprecation - HHH90000025: SQLServerDialect does not need to be specified explicitly using 'hibernate.dialect' (remove the property setting and it will be selected by default)
2026-04-23 22:32:48 [WARN ] o.s.w.s.m.m.a.ExceptionHandlerExceptionResolver - Resolved [java.lang.IllegalArgumentException: Null key returned for cache operation [Builder[public byte[] com.academic.portal.course_registration.pdf.CourseSchedulePdfService.generatePdf(java.lang.Integer)] caches=[course_schedule] | key='#root.args[0]' | keyGenerator='' | cacheManager='' | cacheResolver='' | condition='' | unless='' | sync='false']. If you are using named parameters, ensure that the compiler uses the '-parameters' flag.]
2026-04-23 22:34:23 [WARN ] o.s.w.s.m.m.a.ExceptionHandlerExceptionResolver - Resolved [java.lang.RuntimeException: PDF generation failed]
2026-04-23 22:35:31 [WARN ] org.hibernate.orm.deprecation - HHH90000025: SQLServerDialect does not need to be specified explicitly using 'hibernate.dialect' (remove the property setting and it will be selected by default)
2026-04-23 22:35:33 [WARN ] o.s.b.w.s.c.AnnotationConfigServletWebServerApplicationContext - Exception encountered during context initialization - cancelling refresh attempt: org.springframework.beans.factory.UnsatisfiedDependencyException: Error creating bean with name 'courseRegistrationController' defined in file [G:\Academic-Portal\target\classes\com\academic\portal\course_registration\controller\CourseRegistrationController.class]: Unsatisfied dependency expressed through constructor parameter 1: No qualifying bean of type 'com.academic.portal.course_registration.pdf.CourseSchedulePdfService' available: expected at least 1 bean which qualifies as autowire candidate. Dependency annotations: {}
2026-04-23 22:36:06 [WARN ] org.hibernate.orm.deprecation - HHH90000025: SQLServerDialect does not need to be specified explicitly using 'hibernate.dialect' (remove the property setting and it will be selected by default)
2026-04-23 22:42:35 [WARN ] o.s.w.s.m.m.a.ExceptionHandlerExceptionResolver - Resolved [java.lang.RuntimeException: PDF generation failed]
2026-04-23 22:45:24 [WARN ] org.hibernate.orm.deprecation - HHH90000025: SQLServerDialect does not need to be specified explicitly using 'hibernate.dialect' (remove the property setting and it will be selected by default)
2026-04-23 22:45:27 [WARN ] o.s.b.w.s.c.AnnotationConfigServletWebServerApplicationContext - Exception encountered during context initialization - cancelling refresh attempt: org.springframework.beans.factory.BeanCreationException: Error creating bean with name 'courseRegistrationController': Resolution of declared constructors on bean Class [com.academic.portal.course_registration.controller.CourseRegistrationController] from ClassLoader [org.springframework.boot.devtools.restart.classloader.RestartClassLoader@3ce719d0] failed
2026-04-23 22:45:33 [WARN ] org.hibernate.orm.deprecation - HHH90000025: SQLServerDialect does not need to be specified explicitly using 'hibernate.dialect' (remove the property setting and it will be selected by default)
2026-04-23 22:46:22 [WARN ] org.hibernate.orm.deprecation - HHH90000025: SQLServerDialect does not need to be specified explicitly using 'hibernate.dialect' (remove the property setting and it will be selected by default)
2026-04-23 22:46:25 [WARN ] o.s.b.w.s.c.AnnotationConfigServletWebServerApplicationContext - Exception encountered during context initialization - cancelling refresh attempt: org.springframework.beans.factory.BeanCreationException: Error creating bean with name 'courseRegistrationController': Resolution of declared constructors on bean Class [com.academic.portal.course_registration.controller.CourseRegistrationController] from ClassLoader [org.springframework.boot.devtools.restart.classloader.RestartClassLoader@16e8cd0b] failed
2026-04-23 22:46:32 [WARN ] org.hibernate.orm.deprecation - HHH90000025: SQLServerDialect does not need to be specified explicitly using 'hibernate.dialect' (remove the property setting and it will be selected by default)
2026-04-23 22:47:08 [WARN ] org.hibernate.orm.deprecation - HHH90000025: SQLServerDialect does not need to be specified explicitly using 'hibernate.dialect' (remove the property setting and it will be selected by default)
2026-04-23 22:47:08 [WARN ] o.s.b.w.s.c.AnnotationConfigServletWebServerApplicationContext - Exception encountered during context initialization - cancelling refresh attempt: org.springframework.beans.factory.BeanCreationException: Error creating bean with name 'courseRegistrationController': Resolution of declared constructors on bean Class [com.academic.portal.course_registration.controller.CourseRegistrationController] from ClassLoader [org.springframework.boot.devtools.restart.classloader.RestartClassLoader@7f88e3db] failed
2026-04-23 22:47:11 [WARN ] org.hibernate.orm.deprecation - HHH90000025: SQLServerDialect does not need to be specified explicitly using 'hibernate.dialect' (remove the property setting and it will be selected by default)
2026-04-23 22:51:40 [WARN ] org.hibernate.orm.deprecation - HHH90000025: SQLServerDialect does not need to be specified explicitly using 'hibernate.dialect' (remove the property setting and it will be selected by default)
2026-04-23 22:51:44 [WARN ] o.s.b.w.s.c.AnnotationConfigServletWebServerApplicationContext - Exception encountered during context initialization - cancelling refresh attempt: org.springframework.beans.factory.BeanCreationException: Error creating bean with name 'courseRegistrationController': Resolution of declared constructors on bean Class [com.academic.portal.course_registration.controller.CourseRegistrationController] from ClassLoader [org.springframework.boot.devtools.restart.classloader.RestartClassLoader@34d1161b] failed
2026-04-23 22:51:54 [WARN ] org.hibernate.orm.deprecation - HHH90000025: SQLServerDialect does not need to be specified explicitly using 'hibernate.dialect' (remove the property setting and it will be selected by default)
2026-04-23 22:54:41 [WARN ] org.hibernate.orm.deprecation - HHH90000025: SQLServerDialect does not need to be specified explicitly using 'hibernate.dialect' (remove the property setting and it will be selected by default)
2026-04-23 22:54:42 [WARN ] o.s.b.w.s.c.AnnotationConfigServletWebServerApplicationContext - Exception encountered during context initialization - cancelling refresh attempt: org.springframework.beans.factory.BeanCreationException: Error creating bean with name 'courseRegistrationController': Resolution of declared constructors on bean Class [com.academic.portal.course_registration.controller.CourseRegistrationController] from ClassLoader [org.springframework.boot.devtools.restart.classloader.RestartClassLoader@21011020] failed
2026-04-23 22:54:46 [WARN ] org.hibernate.orm.deprecation - HHH90000025: SQLServerDialect does not need to be specified explicitly using 'hibernate.dialect' (remove the property setting and it will be selected by default)
2026-04-23 22:56:12 [WARN ] org.hibernate.orm.deprecation - HHH90000025: SQLServerDialect does not need to be specified explicitly using 'hibernate.dialect' (remove the property setting and it will be selected by default)
2026-04-23 22:56:14 [WARN ] o.s.b.w.s.c.AnnotationConfigServletWebServerApplicationContext - Exception encountered during context initialization - cancelling refresh attempt: org.springframework.beans.factory.UnsatisfiedDependencyException: Error creating bean with name 'courseRegistrationController' defined in file [G:\Academic-Portal\target\classes\com\academic\portal\course_registration\controller\CourseRegistrationController.class]: Unsatisfied dependency expressed through constructor parameter 1: No qualifying bean of type 'com.academic.portal.course_registration.pdf.CourseSchedulePdfService' available: expected at least 1 bean which qualifies as autowire candidate. Dependency annotations: {}
2026-04-23 22:56:17 [WARN ] org.hibernate.orm.deprecation - HHH90000025: SQLServerDialect does not need to be specified explicitly using 'hibernate.dialect' (remove the property setting and it will be selected by default)
2026-04-23 22:59:47 [WARN ] org.hibernate.orm.deprecation - HHH90000025: SQLServerDialect does not need to be specified explicitly using 'hibernate.dialect' (remove the property setting and it will be selected by default)
2026-04-23 22:59:50 [WARN ] o.s.b.w.s.c.AnnotationConfigServletWebServerApplicationContext - Exception encountered during context initialization - cancelling refresh attempt: org.springframework.beans.factory.BeanCreationException: Error creating bean with name 'courseRegistrationController': Resolution of declared constructors on bean Class [com.academic.portal.course_registration.controller.CourseRegistrationController] from ClassLoader [org.springframework.boot.devtools.restart.classloader.RestartClassLoader@62cfd7b6] failed
2026-04-23 23:00:00 [WARN ] org.hibernate.orm.deprecation - HHH90000025: SQLServerDialect does not need to be specified explicitly using 'hibernate.dialect' (remove the property setting and it will be selected by default)
2026-04-23 23:01:25 [WARN ] org.hibernate.orm.deprecation - HHH90000025: SQLServerDialect does not need to be specified explicitly using 'hibernate.dialect' (remove the property setting and it will be selected by default)
2026-04-23 23:01:26 [WARN ] o.s.b.w.s.c.AnnotationConfigServletWebServerApplicationContext - Exception encountered during context initialization - cancelling refresh attempt: org.springframework.beans.factory.BeanCreationException: Error creating bean with name 'courseRegistrationController': Resolution of declared constructors on bean Class [com.academic.portal.course_registration.controller.CourseRegistrationController] from ClassLoader [org.springframework.boot.devtools.restart.classloader.RestartClassLoader@504b0d38] failed
2026-04-23 23:01:29 [WARN ] org.hibernate.orm.deprecation - HHH90000025: SQLServerDialect does not need to be specified explicitly using 'hibernate.dialect' (remove the property setting and it will be selected by default)
